<?xml version="1.0" encoding="UTF-8"?>
<!-- Generated by org.testng.reporters.JUnitReportReporter -->
<testsuite hostname="Kranti-PC" name="RestAssuredGroup.parallelTesting.CrossBrowserTesting" tests="3" failures="0" timestamp="17 Apr 2018 00:11:58 GMT" time="83.275" errors="0">
  <testcase name="getTitle" time="19.611" classname="RestAssuredGroup.parallelTesting.CrossBrowserTesting"/>
  <testcase name="getTitle" time="20.158" classname="RestAssuredGroup.parallelTesting.CrossBrowserTesting"/>
  <testcase name="getTitle" time="43.506" classname="RestAssuredGroup.parallelTesting.CrossBrowserTesting"/>
</testsuite> <!-- RestAssuredGroup.parallelTesting.CrossBrowserTesting -->
