<?xml version="1.0" encoding="UTF-8"?>
<!-- Generated by org.testng.reporters.JUnitReportReporter -->
<testsuite hostname="Kranti-PC" name="RestAssuredGroup.parallelTesting.CrossBrowserTesting" tests="3" failures="0" timestamp="17 Apr 2018 15:31:21 GMT" time="49.483" errors="0">
  <testcase name="getTitle" time="4.169" classname="RestAssuredGroup.parallelTesting.CrossBrowserTesting"/>
  <testcase name="getTitle" time="31.960" classname="RestAssuredGroup.parallelTesting.CrossBrowserTesting"/>
  <testcase name="getTitle" time="13.354" classname="RestAssuredGroup.parallelTesting.CrossBrowserTesting"/>
</testsuite> <!-- RestAssuredGroup.parallelTesting.CrossBrowserTesting -->
